
2026-04-27 21:22:07|system-admin|CREATE|Created ADMIN account for username: it25101863
2026-04-27 21:27:24|system-admin|UPDATE|Updated account userId: b00f86ad-63ad-47e0-8fac-ded8e6e8ae6f
2026-05-07 20:52:39|system-admin|UPDATE|Updated account userId: b00f86ad-63ad-47e0-8fac-ded8e6e8ae6f
2026-05-09 09:12:26|system-admin|CREATE|Created ADMIN account for username: it25101863
2026-05-10 21:33:02|system-admin|CREATE|Created ADMIN account for username: ravi2006
2026-05-10 21:33:11|system-admin|UPDATE|Updated account userId: 7f2b3be2-959c-4fc4-a5a8-3661c01ae495
2026-05-10 21:33:16|system-admin|DELETE|Deleted account userId: ab3fee1e-5e53-434d-9f60-77abf1f3a47c
2026-05-10 21:39:40|system-admin|CREATE|Created ADMIN account for username: it25101863@my.sliit.lk
2026-05-11 13:33:01|system-admin|CREATE|Created ADMIN account for username: it25101863
2026-05-11 13:33:54|system-admin|DELETE|Deleted account userId: a4e562c9-bc02-4789-9e7b-872ae084c53e
2026-05-11 13:33:56|system-admin|DELETE|Deleted account userId: db45cb65-d926-412e-8e99-f129696297b4
2026-05-11 13:33:58|system-admin|DELETE|Deleted account userId: b00f86ad-63ad-47e0-8fac-ded8e6e8ae6f
2026-05-11 13:33:59|system-admin|DELETE|Deleted account userId: 7f2b3be2-959c-4fc4-a5a8-3661c01ae495
2026-05-11 14:10:29|system-admin|DELETE|Deleted account userId: b00f86ad-63ad-47e0-8fac-ded8e6e8ae6f
2026-05-11 14:15:32|system-admin|UPDATE|Updated account userId: 7f2b3be2-959c-4fc4-a5a8-3661c01ae495
2026-05-11 19:11:47|system-admin|UPDATE|Updated account userId: 7f2b3be2-959c-4fc4-a5a8-3661c01ae495
2026-05-11 19:12:12|system-admin|CREATE|Created ADMIN account for username: Sanithu
2026-05-11 21:59:49|system-admin|DELETE|Deleted account userId: df450eb7-b431-448e-9c6f-021d0bb84744
2026-05-11 22:00:03|system-admin|CREATE|Created ADMIN account for username: Sanithu
2026-05-11 22:00:29|system-admin|CREATE|Created ADMIN account for username: Sanithu1
2026-05-13 14:13:01|system-admin|DELETE|Deleted account userId: 34a6d4b2-aea3-4143-a676-c4613d9e8cc7
2026-05-13 14:13:03|system-admin|DELETE|Deleted account userId: f919dcf3-a5bd-4f7a-a517-9d3b6257570d
2026-05-13 14:13:13|system-admin|CREATE|Created ADMIN account for username: Sanithu1
2026-05-13 14:13:28|system-admin|DELETE|Deleted account userId: aba0d23d-0a03-4daf-97f1-0b87600cf979
2026-05-13 14:13:37|system-admin|CREATE|Created ADMIN account for username: Sanithu1
2026-05-13 14:14:00|system-admin|UPDATE|Updated account userId: 78b43864-5726-4054-bf15-b22addf92638
2026-05-13 20:02:49|system-admin|CREATE|Created ADMIN account for username: Alpha
2026-05-13 20:18:20|system-admin|CREATE|Created ADMIN account for username: Alpha123
2026-05-13 20:19:28|system-admin|CREATE|Created ADMIN account for username: Alpha123
2026-05-13 20:31:17|system-admin|CREATE|Created ADMIN account for username: Alpha
2026-05-13 20:32:11|system-admin|CREATE|Created ADMIN account for username: Sanithu
2026-05-13 20:44:40|system-admin|CREATE|Created ADMIN account for username: Alpha123
2026-05-13 20:47:59|system-admin|DELETE|Deleted account userId: 28fe46b8-2e9e-48a3-a709-db272482114f
2026-05-13 21:26:11|system-admin|CREATE|Created ADMIN account for username: Sanithu
